<?xml version="1.0" encoding="UTF-8"?>
<!-- Generated by org.testng.reporters.JUnitReportReporter -->
<testsuite hostname="LAPTOP-PJGQ8E5S" failures="0" tests="1" name="fedex.runner.FedExRunner$RunCucumberTest" time="0.393" errors="0" timestamp="2021-01-12T18:52:13 EST" skipped="1">
  <testcase classname="fedex.runner.FedExRunner$RunCucumberTest" name="runScenario" time="0.393">
    <skipped/>
  </testcase> <!-- runScenario -->
  <system-out/>
</testsuite> <!-- fedex.runner.FedExRunner$RunCucumberTest -->
